  231024_P_베스트앨범.cpp
C:\Users\USER\source\repos\ST_AL\231024_P_베스트앨범.cpp(52,20): warning C4018: '<': signed 또는 unsigned가 일치하지 않습니다.
C:\Users\USER\source\repos\ST_AL\231024_P_베스트앨범.cpp(64,20): warning C4018: '<': signed 또는 unsigned가 일치하지 않습니다.
C:\Program Files (x86)\Microsoft Visual Studio\2019\Community\VC\Tools\MSVC\14.29.30133\include\xstddef(117,1): error C2678: 이항 '<': 왼쪽 피연산자로 'const _Ty' 형식을 사용하는 연산자가 없거나 허용되는 변환이 없습니다.
          with
          [
              _Ty=SongData
          ]
C:\Users\USER\source\repos\ST_AL\231024_P_베스트앨범.cpp(17,7): message : 'bool SongData::operator <(SongData &)'일 수 있습니다.
C:\Program Files (x86)\Microsoft Visual Studio\2019\Community\VC\Tools\MSVC\14.29.30133\include\xstddef(117,1): message : 인수 목록 '(const _Ty, const _Ty)'을(를) 일치시키는 동안
          with
          [
              _Ty=SongData
          ]
C:\Program Files (x86)\Microsoft Visual Studio\2019\Community\VC\Tools\MSVC\14.29.30133\include\xstddef(116): message : 클래스 템플릿 멤버 함수 'bool std::less<_Ty>::operator ()(const _Ty &,const _Ty &) const'을(를) 컴파일하는 중입니다.
          with
          [
              _Ty=SongData
          ]
C:\Program Files (x86)\Microsoft Visual Studio\2019\Community\VC\Tools\MSVC\14.29.30133\include\xutility(1457): message : 컴파일되는 함수 템플릿 인스턴스화 'bool std::less<_Ty>::operator ()(const _Ty &,const _Ty &) const'에 대한 참조를 확인하세요.
          with
          [
              _Ty=SongData
          ]
C:\Program Files (x86)\Microsoft Visual Studio\2019\Community\VC\Tools\MSVC\14.29.30133\include\queue(293): message : 컴파일되는 클래스 템플릿 인스턴스화 'std::less<_Ty>'에 대한 참조를 확인하세요.
          with
          [
              _Ty=SongData
          ]
C:\Users\USER\source\repos\ST_AL\231024_P_베스트앨범.cpp(61): message : 컴파일되는 클래스 템플릿 인스턴스화 'std::priority_queue<SongData,std::vector<SongData,std::allocator<SongData>>,std::less<_Ty>>'에 대한 참조를 확인하세요.
          with
          [
              _Ty=SongData
          ]
